{"numTotalTestSuites":95,"numPassedTestSuites":89,"numFailedTestSuites":6,"numPendingTestSuites":0,"numTotalTests":204,"numPassedTests":200,"numFailedTests":4,"numPendingTests":0,"numTodoTests":0,"snapshot":{"added":0,"failure":false,"filesAdded":0,"filesRemoved":0,"filesRemovedList":[],"filesUnmatched":0,"filesUpdated":0,"matched":0,"total":0,"unchecked":0,"uncheckedKeysByFile":[],"unmatched":0,"updated":0,"didUpdate":false},"startTime":1752208303428,"success":false,"testResults":[{"assertionResults":[{"ancestorTitles":["RandomBytesStrategy","MockRandomBytesStrategy"],"fullName":"RandomBytesStrategy MockRandomBytesStrategy should return predictable bytes","status":"passed","title":"should return predictable bytes","duration":1.502834000000007,"failureMessages":[],"meta":{}},{"ancestorTitles":["RandomBytesStrategy","MockRandomBytesStrategy"],"fullName":"RandomBytesStrategy MockRandomBytesStrategy should handle different sequence lengths","status":"passed","title":"should handle different sequence lengths","duration":0.13974999999999227,"failureMessages":[],"meta":{}},{"ancestorTitles":["RandomBytesStrategy","NodeCryptoStrategy"],"fullName":"RandomBytesStrategy NodeCryptoStrategy should generate random bytes using Node.js crypto","status":"passed","title":"should generate random bytes using Node.js crypto","duration":0.4108330000000251,"failureMessages":[],"meta":{}},{"ancestorTitles":["RandomBytesStrategy","NodeCryptoStrategy"],"fullName":"RandomBytesStrategy NodeCryptoStrategy should generate different lengths correctly","status":"passed","title":"should generate different lengths correctly","duration":0.263417000000004,"failureMessages":[],"meta":{}},{"ancestorTitles":["RandomBytesStrategy","DefaultRandomBytesStrategy"],"fullName":"RandomBytesStrategy DefaultRandomBytesStrategy should work with default cross-platform implementation","status":"passed","title":"should work with default cross-platform implementation","duration":0.5563329999999951,"failureMessages":[],"meta":{}},{"ancestorTitles":["RandomBytesStrategy","DefaultRandomBytesStrategy"],"fullName":"RandomBytesStrategy DefaultRandomBytesStrategy should generate different results on subsequent calls","status":"passed","title":"should generate different results on subsequent calls","duration":0.09125000000000227,"failureMessages":[],"meta":{}},{"ancestorTitles":["BytePool"],"fullName":"BytePool should use injected strategy for byte generation","status":"passed","title":"should use injected strategy for byte generation","duration":0.28420799999997826,"failureMessages":[],"meta":{}},{"ancestorTitles":["BytePool"],"fullName":"BytePool should reuse buffer for small requests","status":"passed","title":"should reuse buffer for small requests","duration":0.18412499999999454,"failureMessages":[],"meta":{}},{"ancestorTitles":["BytePool"],"fullName":"BytePool should refill buffer when needed","status":"passed","title":"should refill buffer when needed","duration":0.2977920000000154,"failureMessages":[],"meta":{}},{"ancestorTitles":["BytePool"],"fullName":"BytePool should bypass pool for large requests","status":"passed","title":"should bypass pool for large requests","duration":0.0891669999999749,"failureMessages":[],"meta":{}},{"ancestorTitles":["BytePool"],"fullName":"BytePool should work with default strategy","status":"passed","title":"should work with default strategy","duration":0.08816699999999855,"failureMessages":[],"meta":{}},{"ancestorTitles":["DirectByteProvider"],"fullName":"DirectByteProvider should use injected strategy","status":"passed","title":"should use injected strategy","duration":0.061082999999996446,"failureMessages":[],"meta":{}},{"ancestorTitles":["DirectByteProvider"],"fullName":"DirectByteProvider should work with default strategy","status":"passed","title":"should work with default strategy","duration":0.13054199999999128,"failureMessages":[],"meta":{}},{"ancestorTitles":["uniqid function"],"fullName":"uniqid function should generate IDs of specified length","status":"passed","title":"should generate IDs of specified length","duration":0.12758300000001555,"failureMessages":[],"meta":{}},{"ancestorTitles":["uniqid function"],"fullName":"uniqid function should generate IDs with default length","status":"passed","title":"should generate IDs with default length","duration":0.06529100000000199,"failureMessages":[],"meta":{}},{"ancestorTitles":["uniqid function"],"fullName":"uniqid function should generate different IDs on subsequent calls","status":"passed","title":"should generate different IDs on subsequent calls","duration":0.14379200000001902,"failureMessages":[],"meta":{}},{"ancestorTitles":["uniqid function"],"fullName":"uniqid function should use custom charset","status":"passed","title":"should use custom charset","duration":0.1073750000000473,"failureMessages":[],"meta":{}},{"ancestorTitles":["uniqid function"],"fullName":"uniqid function should throw error for invalid length","status":"passed","title":"should throw error for invalid length","duration":0.3669170000000008,"failureMessages":[],"meta":{}},{"ancestorTitles":["uniqid function"],"fullName":"uniqid function should throw error for empty charset","status":"passed","title":"should throw error for empty charset","duration":0.06320800000003146,"failureMessages":[],"meta":{}},{"ancestorTitles":["uniqid function"],"fullName":"uniqid function should handle single character charset","status":"passed","title":"should handle single character charset","duration":0.03862499999996771,"failureMessages":[],"meta":{}},{"ancestorTitles":["createPooledUniqid"],"fullName":"createPooledUniqid should create a function that generates IDs","status":"passed","title":"should create a function that generates IDs","duration":0.08129200000001902,"failureMessages":[],"meta":{}},{"ancestorTitles":["createPooledUniqid"],"fullName":"createPooledUniqid should use custom strategy","status":"passed","title":"should use custom strategy","duration":0.20433300000001964,"failureMessages":[],"meta":{}},{"ancestorTitles":["createPooledUniqid"],"fullName":"createPooledUniqid should work with different pool sizes","status":"passed","title":"should work with different pool sizes","duration":0.17537499999997408,"failureMessages":[],"meta":{}},{"ancestorTitles":["createPooledUniqid"],"fullName":"createPooledUniqid should handle custom charset in returned function","status":"passed","title":"should handle custom charset in returned function","duration":0.08575000000001864,"failureMessages":[],"meta":{}},{"ancestorTitles":["uniqid with Node.js crypto"],"fullName":"uniqid with Node.js crypto should generate cryptographically secure IDs","status":"passed","title":"should generate cryptographically secure IDs","duration":0.2135420000000181,"failureMessages":[],"meta":{}},{"ancestorTitles":["uniqid with Node.js crypto"],"fullName":"uniqid with Node.js crypto should generate IDs with proper distribution","status":"passed","title":"should generate IDs with proper distribution","duration":0.7448339999999689,"failureMessages":[],"meta":{}},{"ancestorTitles":["edge cases and error handling"],"fullName":"edge cases and error handling should handle large ID requests","status":"passed","title":"should handle large ID requests","duration":0.9980419999999981,"failureMessages":[],"meta":{}},{"ancestorTitles":["edge cases and error handling"],"fullName":"edge cases and error handling should handle charset with repeated characters","status":"passed","title":"should handle charset with repeated characters","duration":0.16537499999998317,"failureMessages":[],"meta":{}},{"ancestorTitles":["edge cases and error handling"],"fullName":"edge cases and error handling should handle charset with special characters","status":"passed","title":"should handle charset with special characters","duration":0.10708299999998871,"failureMessages":[],"meta":{}},{"ancestorTitles":["edge cases and error handling"],"fullName":"edge cases and error handling should handle very large charset","status":"passed","title":"should handle very large charset","duration":0.07270799999997735,"failureMessages":[],"meta":{}},{"ancestorTitles":["performance characteristics"],"fullName":"performance characteristics should efficiently generate many IDs","status":"passed","title":"should efficiently generate many IDs","duration":1.8307909999999765,"failureMessages":[],"meta":{}},{"ancestorTitles":["performance characteristics"],"fullName":"performance characteristics should benefit from pooling for repeated calls","status":"passed","title":"should benefit from pooling for repeated calls","duration":0.9302500000000009,"failureMessages":[],"meta":{}}],"startTime":1752208303797,"endTime":1752208303807.9302,"status":"passed","message":"","name":"/Users/rchoy/var/flux/game/src/lib/random.spec.ts"},{"assertionResults":[{"ancestorTitles":["place templates","renderExitDirection"],"fullName":"place templates renderExitDirection should capitalize direction and format basic destination","status":"passed","title":"should capitalize direction and format basic destination","duration":1.3680410000000052,"failureMessages":[],"meta":{}},{"ancestorTitles":["place templates","renderExitDirection"],"fullName":"place templates renderExitDirection should extract destination from action descriptions","status":"passed","title":"should extract destination from action descriptions","duration":0.10354200000000446,"failureMessages":[],"meta":{}},{"ancestorTitles":["place templates","renderExitDirection"],"fullName":"place templates renderExitDirection should handle multiple \"to\" words in label","status":"passed","title":"should handle multiple \"to\" words in label","duration":0.07637499999998454,"failureMessages":[],"meta":{}},{"ancestorTitles":["place templates","renderExitDirection"],"fullName":"place templates renderExitDirection should handle labels without \"to\" pattern","status":"passed","title":"should handle labels without \"to\" pattern","duration":0.12562500000001364,"failureMessages":[],"meta":{}},{"ancestorTitles":["place templates","renderExitDirection"],"fullName":"place templates renderExitDirection should handle compound directions","status":"passed","title":"should handle compound directions","duration":0.06245900000004667,"failureMessages":[],"meta":{}},{"ancestorTitles":["place templates","renderExits"],"fullName":"place templates renderExits should render no exits message when exits object is empty","status":"passed","title":"should render no exits message when exits object is empty","duration":1.4132079999999974,"failureMessages":[],"meta":{}},{"ancestorTitles":["place templates","renderExits"],"fullName":"place templates renderExits should render single exit","status":"passed","title":"should render single exit","duration":0.6210410000000479,"failureMessages":[],"meta":{}},{"ancestorTitles":["place templates","renderExits"],"fullName":"place templates renderExits should render multiple exits with comma separation","status":"passed","title":"should render multiple exits with comma separation","duration":0.3153750000000173,"failureMessages":[],"meta":{}},{"ancestorTitles":["place templates","renderExits"],"fullName":"place templates renderExits should handle action-style exit labels","status":"passed","title":"should handle action-style exit labels","duration":0.5571659999999952,"failureMessages":[],"meta":{}},{"ancestorTitles":["place templates","renderPlaceSummary"],"fullName":"place templates renderPlaceSummary should render place with string description and no exits","status":"passed","title":"should render place with string description and no exits","duration":0.28016700000000583,"failureMessages":[],"meta":{}},{"ancestorTitles":["place templates","renderPlaceSummary"],"fullName":"place templates renderPlaceSummary should render place with emergent narrative description","status":"passed","title":"should render place with emergent narrative description","duration":0.09925000000004047,"failureMessages":[],"meta":{}},{"ancestorTitles":["place templates","renderPlaceSummary"],"fullName":"place templates renderPlaceSummary should render place with single exit","status":"passed","title":"should render place with single exit","duration":0.09062499999998863,"failureMessages":[],"meta":{}},{"ancestorTitles":["place templates","renderPlaceSummary"],"fullName":"place templates renderPlaceSummary should render complete place with multiple exits","status":"passed","title":"should render complete place with multiple exits","duration":0.15899999999999181,"failureMessages":[],"meta":{}},{"ancestorTitles":["place templates","renderPlaceSummary"],"fullName":"place templates renderPlaceSummary should handle complex place with emergent narrative and exits","status":"passed","title":"should handle complex place with emergent narrative and exits","duration":0.1532919999999649,"failureMessages":[],"meta":{}},{"ancestorTitles":["place templates","renderPlaceSummary"],"fullName":"place templates renderPlaceSummary should handle cyberpunk-style place with action exits","status":"passed","title":"should handle cyberpunk-style place with action exits","duration":0.09099999999995134,"failureMessages":[],"meta":{}},{"ancestorTitles":["place templates","type compatibility"],"fullName":"place templates type compatibility should maintain correct type for PlaceTemplateProps","status":"passed","title":"should maintain correct type for PlaceTemplateProps","duration":0.05691699999999855,"failureMessages":[],"meta":{}}],"startTime":1752208303986,"endTime":1752208303992.057,"status":"passed","message":"","name":"/Users/rchoy/var/flux/game/src/template/place.spec.ts"},{"assertionResults":[{"ancestorTitles":["Worldgen Connectivity Preservation","Graph Connectivity Detection"],"fullName":"Worldgen Connectivity Preservation Graph Connectivity Detection should detect connected simple chain","status":"passed","title":"should detect connected simple chain","duration":2.3267920000000686,"failureMessages":[],"meta":{}},{"ancestorTitles":["Worldgen Connectivity Preservation","Graph Connectivity Detection"],"fullName":"Worldgen Connectivity Preservation Graph Connectivity Detection should detect disconnected graph","status":"passed","title":"should detect disconnected graph","duration":0.30779100000006565,"failureMessages":[],"meta":{}},{"ancestorTitles":["Worldgen Connectivity Preservation","Graph Connectivity Detection"],"fullName":"Worldgen Connectivity Preservation Graph Connectivity Detection should handle single node as connected","status":"passed","title":"should handle single node as connected","duration":0.09858300000007603,"failureMessages":[],"meta":{}},{"ancestorTitles":["Worldgen Connectivity Preservation","Graph Connectivity Detection"],"fullName":"Worldgen Connectivity Preservation Graph Connectivity Detection should handle empty graph","status":"passed","title":"should handle empty graph","duration":0.05525000000000091,"failureMessages":[],"meta":{}},{"ancestorTitles":["Worldgen Connectivity Preservation","World Generation Integration"],"fullName":"Worldgen Connectivity Preservation World Generation Integration should generate a connected world with proper ecosystem distribution","status":"failed","title":"should generate a connected world with proper ecosystem distribution","duration":59.69937500000003,"failureMessages":["AssertionError: expected false to be true // Object.is equality\n    at /Users/rchoy/var/flux/game/src/worldgen/connectivity.spec.ts:172:47\n    at file:///Users/rchoy/var/flux/game/node_modules/@vitest/runner/dist/index.js:103:11\n    at file:///Users/rchoy/var/flux/game/node_modules/@vitest/runner/dist/index.js:596:26\n    at file:///Users/rchoy/var/flux/game/node_modules/@vitest/runner/dist/index.js:879:20\n    at new Promise (<anonymous>)\n    at runWithTimeout (file:///Users/rchoy/var/flux/game/node_modules/@vitest/runner/dist/index.js:852:10)\n    at runTest (file:///Users/rchoy/var/flux/game/node_modules/@vitest/runner/dist/index.js:1360:12)\n    at processTicksAndRejections (node:internal/process/task_queues:105:5)\n    at runSuite (file:///Users/rchoy/var/flux/game/node_modules/@vitest/runner/dist/index.js:1507:8)\n    at runSuite (file:///Users/rchoy/var/flux/game/node_modules/@vitest/runner/dist/index.js:1507:8)"],"meta":{}},{"ancestorTitles":["Worldgen Connectivity Preservation","World Generation Integration"],"fullName":"Worldgen Connectivity Preservation World Generation Integration should maintain connectivity for large worlds with challenging seeds (seed: 389087 - 'extremely fragmented world')","status":"passed","title":"should maintain connectivity for large worlds with challenging seeds (seed: 389087 - 'extremely fragmented world')","duration":4216.726125,"failureMessages":[],"meta":{}},{"ancestorTitles":["Worldgen Connectivity Preservation","World Generation Integration"],"fullName":"Worldgen Connectivity Preservation World Generation Integration should maintain connectivity for large worlds with challenging seeds (seed: 890367 - 'another challenging connectivity scen…')","status":"failed","title":"should maintain connectivity for large worlds with challenging seeds (seed: 890367 - 'another challenging connectivity scen…')","duration":5233.577624999999,"failureMessages":["Error: STACK_TRACE_ERROR\n    at task (file:///Users/rchoy/var/flux/game/node_modules/@vitest/runner/dist/index.js:481:27)\n    at Object.<anonymous> (file:///Users/rchoy/var/flux/game/node_modules/@vitest/runner/dist/index.js:503:16)\n    at Object.<anonymous> (file:///Users/rchoy/var/flux/game/node_modules/@vitest/runner/dist/index.js:308:28)\n    at Object.chain (file:///Users/rchoy/var/flux/game/node_modules/@vitest/runner/dist/chunk-tasks.js:8:14)\n    at file:///Users/rchoy/var/flux/game/node_modules/@vitest/runner/dist/index.js:704:7\n    at Array.forEach (<anonymous>)\n    at file:///Users/rchoy/var/flux/game/node_modules/@vitest/runner/dist/index.js:692:10\n    at /Users/rchoy/var/flux/game/src/worldgen/connectivity.spec.ts:184:6\n    at file:///Users/rchoy/var/flux/game/node_modules/@vitest/runner/dist/index.js:578:40\n    at runWithSuite (file:///Users/rchoy/var/flux/game/node_modules/@vitest/runner/dist/index.js:839:8)\n    at Object.collect (file:///Users/rchoy/var/flux/game/node_modules/@vitest/runner/dist/index.js:578:10)\n    at Object.collect (file:///Users/rchoy/var/flux/game/node_modules/@vitest/runner/dist/index.js:582:54)\n    at processTicksAndRejections (node:internal/process/task_queues:105:5)\n    at Object.collect (file:///Users/rchoy/var/flux/game/node_modules/@vitest/runner/dist/index.js:582:46)\n    at collectTests (file:///Users/rchoy/var/flux/game/node_modules/@vitest/runner/dist/index.js:1124:25)"],"meta":{}},{"ancestorTitles":["Worldgen Connectivity Preservation","World Generation Integration"],"fullName":"Worldgen Connectivity Preservation World Generation Integration should maintain connectivity across multiple generations with same seed","status":"passed","title":"should maintain connectivity across multiple generations with same seed","duration":39.363375000000815,"failureMessages":[],"meta":{}},{"ancestorTitles":["Worldgen Connectivity Preservation","World Generation Integration"],"fullName":"Worldgen Connectivity Preservation World Generation Integration should handle different world sizes gracefully","status":"failed","title":"should handle different world sizes gracefully","duration":218.56775000000016,"failureMessages":["AssertionError: expected false to be true // Object.is equality\n    at /Users/rchoy/var/flux/game/src/worldgen/connectivity.spec.ts:275:52\n    at file:///Users/rchoy/var/flux/game/node_modules/@vitest/runner/dist/index.js:103:11\n    at file:///Users/rchoy/var/flux/game/node_modules/@vitest/runner/dist/index.js:596:26\n    at file:///Users/rchoy/var/flux/game/node_modules/@vitest/runner/dist/index.js:879:20\n    at new Promise (<anonymous>)\n    at runWithTimeout (file:///Users/rchoy/var/flux/game/node_modules/@vitest/runner/dist/index.js:852:10)\n    at runTest (file:///Users/rchoy/var/flux/game/node_modules/@vitest/runner/dist/index.js:1360:12)\n    at processTicksAndRejections (node:internal/process/task_queues:105:5)\n    at runSuite (file:///Users/rchoy/var/flux/game/node_modules/@vitest/runner/dist/index.js:1507:8)\n    at runSuite (file:///Users/rchoy/var/flux/game/node_modules/@vitest/runner/dist/index.js:1507:8)"],"meta":{}},{"ancestorTitles":["Worldgen Connectivity Preservation","Connection Management"],"fullName":"Worldgen Connectivity Preservation Connection Management should preserve bidirectional connections","status":"passed","title":"should preserve bidirectional connections","duration":0.47041600000011385,"failureMessages":[],"meta":{}},{"ancestorTitles":["Worldgen Connectivity Preservation","Connection Management"],"fullName":"Worldgen Connectivity Preservation Connection Management should handle unidirectional connections","status":"passed","title":"should handle unidirectional connections","duration":0.14741700000013225,"failureMessages":[],"meta":{}},{"ancestorTitles":["Worldgen Connectivity Preservation","Connection Management"],"fullName":"Worldgen Connectivity Preservation Connection Management should properly structure exit objects","status":"passed","title":"should properly structure exit objects","duration":0.15558400000008987,"failureMessages":[],"meta":{}},{"ancestorTitles":["Worldgen Connectivity Preservation","Edge Cases"],"fullName":"Worldgen Connectivity Preservation Edge Cases should handle single place gracefully","status":"passed","title":"should handle single place gracefully","duration":0.07204200000160199,"failureMessages":[],"meta":{}},{"ancestorTitles":["Worldgen Connectivity Preservation","Edge Cases"],"fullName":"Worldgen Connectivity Preservation Edge Cases should handle empty place list","status":"passed","title":"should handle empty place list","duration":0.04087500000059663,"failureMessages":[],"meta":{}},{"ancestorTitles":["Worldgen Connectivity Preservation","Edge Cases"],"fullName":"Worldgen Connectivity Preservation Edge Cases should handle places with no exits","status":"passed","title":"should handle places with no exits","duration":0.0832910000008269,"failureMessages":[],"meta":{}},{"ancestorTitles":["Worldgen Connectivity Preservation","Ecosystem Distribution"],"fullName":"Worldgen Connectivity Preservation Ecosystem Distribution should distribute places across all ecosystem types","status":"passed","title":"should distribute places across all ecosystem types","duration":20.457666000000245,"failureMessages":[],"meta":{}},{"ancestorTitles":["Worldgen Connectivity Preservation","Ecosystem Distribution"],"fullName":"Worldgen Connectivity Preservation Ecosystem Distribution should maintain ecosystem consistency within generated places","status":"passed","title":"should maintain ecosystem consistency within generated places","duration":26.41058300000077,"failureMessages":[],"meta":{}}],"startTime":1752208304038,"endTime":1752208313856.4106,"status":"failed","message":"","name":"/Users/rchoy/var/flux/game/src/worldgen/connectivity.spec.ts"},{"assertionResults":[{"ancestorTitles":["World Generation Integration","Basic Generation"],"fullName":"World Generation Integration Basic Generation should generate a world with the minimum number of places","status":"passed","title":"should generate a world with the minimum number of places","duration":72.70508399999994,"failureMessages":[],"meta":{}},{"ancestorTitles":["World Generation Integration","Basic Generation"],"fullName":"World Generation Integration Basic Generation should return valid world structure","status":"passed","title":"should return valid world structure","duration":32.490125000000035,"failureMessages":[],"meta":{}},{"ancestorTitles":["World Generation Integration","Basic Generation"],"fullName":"World Generation Integration Basic Generation should generate places with valid structure","status":"passed","title":"should generate places with valid structure","duration":39.42383300000006,"failureMessages":[],"meta":{}},{"ancestorTitles":["World Generation Integration","Basic Generation"],"fullName":"World Generation Integration Basic Generation should generate places with valid ecosystems","status":"passed","title":"should generate places with valid ecosystems","duration":69.78170799999998,"failureMessages":[],"meta":{}},{"ancestorTitles":["World Generation Integration","Basic Generation"],"fullName":"World Generation Integration Basic Generation should generate connection statistics","status":"passed","title":"should generate connection statistics","duration":43.953583000000094,"failureMessages":[],"meta":{}},{"ancestorTitles":["World Generation Integration","Basic Generation"],"fullName":"World Generation Integration Basic Generation should ensure all places remain reachable after ecosystem connectivity adjustments","status":"failed","title":"should ensure all places remain reachable after ecosystem connectivity adjustments","duration":43.496374999999944,"failureMessages":["AssertionError: expected [ { …(9) }, { …(9) }, { …(9) }, …(13) ] to deeply equal []\n    at /Users/rchoy/var/flux/game/src/worldgen/integration.spec.ts:117:33\n    at file:///Users/rchoy/var/flux/game/node_modules/@vitest/runner/dist/index.js:103:11\n    at file:///Users/rchoy/var/flux/game/node_modules/@vitest/runner/dist/index.js:596:26\n    at file:///Users/rchoy/var/flux/game/node_modules/@vitest/runner/dist/index.js:879:20\n    at new Promise (<anonymous>)\n    at runWithTimeout (file:///Users/rchoy/var/flux/game/node_modules/@vitest/runner/dist/index.js:852:10)\n    at runTest (file:///Users/rchoy/var/flux/game/node_modules/@vitest/runner/dist/index.js:1360:12)\n    at processTicksAndRejections (node:internal/process/task_queues:105:5)\n    at runSuite (file:///Users/rchoy/var/flux/game/node_modules/@vitest/runner/dist/index.js:1507:8)\n    at runSuite (file:///Users/rchoy/var/flux/game/node_modules/@vitest/runner/dist/index.js:1507:8)"],"meta":{}},{"ancestorTitles":["World Generation Integration","Deterministic Behavior"],"fullName":"World Generation Integration Deterministic Behavior should generate identical worlds with same configuration","status":"passed","title":"should generate identical worlds with same configuration","duration":49.10887500000001,"failureMessages":[],"meta":{}},{"ancestorTitles":["World Generation Integration","Deterministic Behavior"],"fullName":"World Generation Integration Deterministic Behavior should generate different worlds with different configurations","status":"passed","title":"should generate different worlds with different configurations","duration":182.55945799999995,"failureMessages":[],"meta":{}},{"ancestorTitles":["World Generation Integration","Ecosystem Distribution"],"fullName":"World Generation Integration Ecosystem Distribution should generate multiple ecosystems","status":"passed","title":"should generate multiple ecosystems","duration":144.95458399999995,"failureMessages":[],"meta":{}},{"ancestorTitles":["World Generation Integration","Ecosystem Distribution"],"fullName":"World Generation Integration Ecosystem Distribution should respect ecosystem profiles","status":"passed","title":"should respect ecosystem profiles","duration":27.409042,"failureMessages":[],"meta":{}},{"ancestorTitles":["World Generation Integration","Ecosystem Distribution"],"fullName":"World Generation Integration Ecosystem Distribution should generate valid place names","status":"passed","title":"should generate valid place names","duration":24.29124999999999,"failureMessages":[],"meta":{}},{"ancestorTitles":["World Generation Integration","Ecosystem Distribution"],"fullName":"World Generation Integration Ecosystem Distribution should generate valid place descriptions","status":"passed","title":"should generate valid place descriptions","duration":25.109916999999996,"failureMessages":[],"meta":{}},{"ancestorTitles":["World Generation Integration","Place Generation"],"fullName":"World Generation Integration Place Generation should generate unique place IDs","status":"passed","title":"should generate unique place IDs","duration":23.128666000000067,"failureMessages":[],"meta":{}},{"ancestorTitles":["World Generation Integration","Place Generation"],"fullName":"World Generation Integration Place Generation should generate proper URN format for place IDs","status":"passed","title":"should generate proper URN format for place IDs","duration":23.396833000000015,"failureMessages":[],"meta":{}},{"ancestorTitles":["World Generation Integration","Place Generation"],"fullName":"World Generation Integration Place Generation should generate weather data for all places","status":"passed","title":"should generate weather data for all places","duration":27.281749999999874,"failureMessages":[],"meta":{}},{"ancestorTitles":["World Generation Integration","Place Generation"],"fullName":"World Generation Integration Place Generation should generate resources for all places","status":"passed","title":"should generate resources for all places","duration":25.905666999999994,"failureMessages":[],"meta":{}},{"ancestorTitles":["World Generation Integration","Configuration Validation"],"fullName":"World Generation Integration Configuration Validation should handle minimum configuration","status":"passed","title":"should handle minimum configuration","duration":23.026749999999993,"failureMessages":[],"meta":{}},{"ancestorTitles":["World Generation Integration","Configuration Validation"],"fullName":"World Generation Integration Configuration Validation should handle maximum configuration","status":"passed","title":"should handle maximum configuration","duration":22.874624999999924,"failureMessages":[],"meta":{}},{"ancestorTitles":["World Generation Integration","Configuration Validation"],"fullName":"World Generation Integration Configuration Validation should respect aspect ratio in world generation","status":"passed","title":"should respect aspect ratio in world generation","duration":45.936375,"failureMessages":[],"meta":{}},{"ancestorTitles":["World Generation Integration","Edge Cases"],"fullName":"World Generation Integration Edge Cases should handle very small world generation","status":"passed","title":"should handle very small world generation","duration":23.158750000000055,"failureMessages":[],"meta":{}},{"ancestorTitles":["World Generation Integration","Edge Cases"],"fullName":"World Generation Integration Edge Cases should handle large world generation","status":"passed","title":"should handle large world generation","duration":559.908917,"failureMessages":[],"meta":{}},{"ancestorTitles":["World Generation Integration","Edge Cases"],"fullName":"World Generation Integration Edge Cases should handle extreme aspect ratios","status":"passed","title":"should handle extreme aspect ratios","duration":45.76912500000003,"failureMessages":[],"meta":{}},{"ancestorTitles":["World Generation Integration","Multi-Ecosystem Integration"],"fullName":"World Generation Integration Multi-Ecosystem Integration should connect ecosystem bands properly","status":"passed","title":"should connect ecosystem bands properly","duration":144.2523749999998,"failureMessages":[],"meta":{}},{"ancestorTitles":["World Generation Integration","Multi-Ecosystem Integration"],"fullName":"World Generation Integration Multi-Ecosystem Integration should distribute places across multiple ecosystems","status":"passed","title":"should distribute places across multiple ecosystems","duration":349.4323340000001,"failureMessages":[],"meta":{}},{"ancestorTitles":["World Generation Integration","Multi-Ecosystem Integration"],"fullName":"World Generation Integration Multi-Ecosystem Integration should maintain ecosystem-specific characteristics across bands","status":"passed","title":"should maintain ecosystem-specific characteristics across bands","duration":143.06937500000004,"failureMessages":[],"meta":{}},{"ancestorTitles":["World Generation Integration","Performance and Scalability"],"fullName":"World Generation Integration Performance and Scalability should complete generation within reasonable time","status":"passed","title":"should complete generation within reasonable time","duration":22.637083000000075,"failureMessages":[],"meta":{}},{"ancestorTitles":["World Generation Integration","Performance and Scalability"],"fullName":"World Generation Integration Performance and Scalability should handle batch generation consistently","status":"passed","title":"should handle batch generation consistently","duration":111.17700000000013,"failureMessages":[],"meta":{}}],"startTime":1752208303943,"endTime":1752208306292.177,"status":"failed","message":"","name":"/Users/rchoy/var/flux/game/src/worldgen/integration.spec.ts"},{"assertionResults":[{"ancestorTitles":["CreateActorCommandHandler","handles method"],"fullName":"CreateActorCommandHandler handles method should return true for CREATE_ACTOR commands","status":"passed","title":"should return true for CREATE_ACTOR commands","duration":0.8202909999999974,"failureMessages":[],"meta":{}},{"ancestorTitles":["CreateActorCommandHandler","handles method"],"fullName":"CreateActorCommandHandler handles method should return false for non-CREATE_ACTOR commands","status":"passed","title":"should return false for non-CREATE_ACTOR commands","duration":0.08650000000000091,"failureMessages":[],"meta":{}},{"ancestorTitles":["CreateActorCommandHandler","handles method"],"fullName":"CreateActorCommandHandler handles method should return false for non-command inputs","status":"passed","title":"should return false for non-command inputs","duration":0.05783299999998803,"failureMessages":[],"meta":{}},{"ancestorTitles":["CreateActorCommandHandler","reducer behavior"],"fullName":"CreateActorCommandHandler reducer behavior should add a new character to world.actors","status":"passed","title":"should add a new character to world.actors","duration":2.5467080000000237,"failureMessages":[],"meta":{}},{"ancestorTitles":["CreateActorCommandHandler","reducer behavior"],"fullName":"CreateActorCommandHandler reducer behavior should preserve existing actors in the world","status":"passed","title":"should preserve existing actors in the world","duration":0.7217909999999961,"failureMessages":[],"meta":{}},{"ancestorTitles":["CreateActorCommandHandler","reducer behavior"],"fullName":"CreateActorCommandHandler reducer behavior should handle minimal character input","status":"passed","title":"should handle minimal character input","duration":0.3146250000000066,"failureMessages":[],"meta":{}},{"ancestorTitles":["CreateActorCommandHandler","reducer behavior"],"fullName":"CreateActorCommandHandler reducer behavior should create character with specified location","status":"passed","title":"should create character with specified location","duration":0.17499999999998295,"failureMessages":[],"meta":{}},{"ancestorTitles":["CreateActorCommandHandler","reducer behavior"],"fullName":"CreateActorCommandHandler reducer behavior should return the updated context","status":"passed","title":"should return the updated context","duration":0.21033399999998892,"failureMessages":[],"meta":{}},{"ancestorTitles":["CreateActorCommandHandler","handler integration"],"fullName":"CreateActorCommandHandler handler integration should process a command end-to-end","status":"passed","title":"should process a command end-to-end","duration":0.39620800000000145,"failureMessages":[],"meta":{}},{"ancestorTitles":["CreateActorCommandHandler","handler configuration"],"fullName":"CreateActorCommandHandler handler configuration should have empty dependencies","status":"passed","title":"should have empty dependencies","duration":0.2929590000000246,"failureMessages":[],"meta":{}},{"ancestorTitles":["CreateActorCommandHandler","handler configuration"],"fullName":"CreateActorCommandHandler handler configuration should use the correct reducer function","status":"passed","title":"should use the correct reducer function","duration":0.04312500000000341,"failureMessages":[],"meta":{}}],"startTime":1752208304276,"endTime":1752208304282.293,"status":"passed","message":"","name":"/Users/rchoy/var/flux/game/src/command/CREATE_ACTOR/handler.spec.ts"},{"assertionResults":[{"ancestorTitles":["CreatePlaceCommandHandler","handles method"],"fullName":"CreatePlaceCommandHandler handles method should return true for CREATE_PLACE commands","status":"passed","title":"should return true for CREATE_PLACE commands","duration":0.8459169999999858,"failureMessages":[],"meta":{}},{"ancestorTitles":["CreatePlaceCommandHandler","handles method"],"fullName":"CreatePlaceCommandHandler handles method should return false for non-CREATE_PLACE commands","status":"passed","title":"should return false for non-CREATE_PLACE commands","duration":0.09179099999994378,"failureMessages":[],"meta":{}},{"ancestorTitles":["CreatePlaceCommandHandler","handles method"],"fullName":"CreatePlaceCommandHandler handles method should return false for non-command inputs","status":"passed","title":"should return false for non-command inputs","duration":0.06337500000006457,"failureMessages":[],"meta":{}},{"ancestorTitles":["CreatePlaceCommandHandler","reducer behavior"],"fullName":"CreatePlaceCommandHandler reducer behavior should add a new place to world.places","status":"passed","title":"should add a new place to world.places","duration":2.1382500000000846,"failureMessages":[],"meta":{}},{"ancestorTitles":["CreatePlaceCommandHandler","reducer behavior"],"fullName":"CreatePlaceCommandHandler reducer behavior should preserve existing places in the world","status":"passed","title":"should preserve existing places in the world","duration":0.5831249999999955,"failureMessages":[],"meta":{}},{"ancestorTitles":["CreatePlaceCommandHandler","reducer behavior"],"fullName":"CreatePlaceCommandHandler reducer behavior should handle minimal place input","status":"passed","title":"should handle minimal place input","duration":0.35541699999998855,"failureMessages":[],"meta":{}},{"ancestorTitles":["CreatePlaceCommandHandler","reducer behavior"],"fullName":"CreatePlaceCommandHandler reducer behavior should create place with exits","status":"passed","title":"should create place with exits","duration":0.27137500000003456,"failureMessages":[],"meta":{}},{"ancestorTitles":["CreatePlaceCommandHandler","reducer behavior"],"fullName":"CreatePlaceCommandHandler reducer behavior should return the updated context","status":"passed","title":"should return the updated context","duration":0.1790409999999838,"failureMessages":[],"meta":{}},{"ancestorTitles":["CreatePlaceCommandHandler","handler integration"],"fullName":"CreatePlaceCommandHandler handler integration should process a command end-to-end","status":"passed","title":"should process a command end-to-end","duration":0.37962499999991905,"failureMessages":[],"meta":{}},{"ancestorTitles":["CreatePlaceCommandHandler","handler configuration"],"fullName":"CreatePlaceCommandHandler handler configuration should have empty dependencies","status":"passed","title":"should have empty dependencies","duration":0.2977080000000569,"failureMessages":[],"meta":{}},{"ancestorTitles":["CreatePlaceCommandHandler","handler configuration"],"fullName":"CreatePlaceCommandHandler handler configuration should use the correct reducer function","status":"passed","title":"should use the correct reducer function","duration":0.04204200000003766,"failureMessages":[],"meta":{}}],"startTime":1752208304005,"endTime":1752208304011.2976,"status":"passed","message":"","name":"/Users/rchoy/var/flux/game/src/command/CREATE_PLACE/handler.spec.ts"},{"assertionResults":[{"ancestorTitles":["DematerializeActorCommandHandler","handles method"],"fullName":"DematerializeActorCommandHandler handles method should return true for DEMATERIALIZE_ACTOR commands","status":"passed","title":"should return true for DEMATERIALIZE_ACTOR commands","duration":0.8984159999999974,"failureMessages":[],"meta":{}},{"ancestorTitles":["DematerializeActorCommandHandler","handles method"],"fullName":"DematerializeActorCommandHandler handles method should return false for non-DEMATERIALIZE_ACTOR commands","status":"passed","title":"should return false for non-DEMATERIALIZE_ACTOR commands","duration":0.09404100000000426,"failureMessages":[],"meta":{}},{"ancestorTitles":["DematerializeActorCommandHandler","handles method"],"fullName":"DematerializeActorCommandHandler handles method should return false for non-command inputs","status":"passed","title":"should return false for non-command inputs","duration":0.06245799999999235,"failureMessages":[],"meta":{}},{"ancestorTitles":["DematerializeActorCommandHandler","reducer behavior"],"fullName":"DematerializeActorCommandHandler reducer behavior should remove actor from place entities","status":"passed","title":"should remove actor from place entities","duration":3.344832999999994,"failureMessages":[],"meta":{}},{"ancestorTitles":["DematerializeActorCommandHandler","reducer behavior"],"fullName":"DematerializeActorCommandHandler reducer behavior should declare ACTOR_DID_DEMATERIALIZE event","status":"passed","title":"should declare ACTOR_DID_DEMATERIALIZE event","duration":1.2250829999999837,"failureMessages":[],"meta":{}},{"ancestorTitles":["DematerializeActorCommandHandler","reducer behavior"],"fullName":"DematerializeActorCommandHandler reducer behavior should handle actor not found error","status":"passed","title":"should handle actor not found error","duration":0.21158300000001873,"failureMessages":[],"meta":{}},{"ancestorTitles":["DematerializeActorCommandHandler","reducer behavior"],"fullName":"DematerializeActorCommandHandler reducer behavior should handle place not found error","status":"passed","title":"should handle place not found error","duration":0.2204590000000053,"failureMessages":[],"meta":{}},{"ancestorTitles":["DematerializeActorCommandHandler","handler integration"],"fullName":"DematerializeActorCommandHandler handler integration should process a command end-to-end","status":"passed","title":"should process a command end-to-end","duration":0.2829580000000078,"failureMessages":[],"meta":{}},{"ancestorTitles":["DematerializeActorCommandHandler","handler configuration"],"fullName":"DematerializeActorCommandHandler handler configuration should have empty dependencies","status":"passed","title":"should have empty dependencies","duration":0.23233400000003712,"failureMessages":[],"meta":{}},{"ancestorTitles":["DematerializeActorCommandHandler","handler configuration"],"fullName":"DematerializeActorCommandHandler handler configuration should use the correct reducer function","status":"passed","title":"should use the correct reducer function","duration":0.06749999999999545,"failureMessages":[],"meta":{}}],"startTime":1752208304186,"endTime":1752208304194.0674,"status":"passed","message":"","name":"/Users/rchoy/var/flux/game/src/command/DEMATERIALIZE_ACTOR/handler.spec.ts"},{"assertionResults":[{"ancestorTitles":["MUTATE_WEATHER Handler","mutateWeatherReducer","Happy Path"],"fullName":"MUTATE_WEATHER Handler mutateWeatherReducer Happy Path should update place weather with new weather data","status":"passed","title":"should update place weather with new weather data","duration":2.713583999999969,"failureMessages":[],"meta":{}},{"ancestorTitles":["MUTATE_WEATHER Handler","mutateWeatherReducer","Happy Path"],"fullName":"MUTATE_WEATHER Handler mutateWeatherReducer Happy Path should generate WEATHER_DID_CHANGE event with correct payload","status":"passed","title":"should generate WEATHER_DID_CHANGE event with correct payload","duration":1.0561250000000655,"failureMessages":[],"meta":{}},{"ancestorTitles":["MUTATE_WEATHER Handler","mutateWeatherReducer","Happy Path"],"fullName":"MUTATE_WEATHER Handler mutateWeatherReducer Happy Path should handle place with no existing weather","status":"passed","title":"should handle place with no existing weather","duration":0.4704580000000078,"failureMessages":[],"meta":{}},{"ancestorTitles":["MUTATE_WEATHER Handler","mutateWeatherReducer","Error Cases"],"fullName":"MUTATE_WEATHER Handler mutateWeatherReducer Error Cases should declare error when place does not exist","status":"passed","title":"should declare error when place does not exist","duration":0.2876660000000584,"failureMessages":[],"meta":{}},{"ancestorTitles":["MUTATE_WEATHER Handler","mutateWeatherReducer","Error Cases"],"fullName":"MUTATE_WEATHER Handler mutateWeatherReducer Error Cases should declare error when places object is empty","status":"passed","title":"should declare error when places object is empty","duration":0.43708300000002964,"failureMessages":[],"meta":{}},{"ancestorTitles":["MUTATE_WEATHER Handler","mutateWeatherReducer","Edge Cases"],"fullName":"MUTATE_WEATHER Handler mutateWeatherReducer Edge Cases should handle extreme weather values","status":"passed","title":"should handle extreme weather values","duration":1.0452089999999998,"failureMessages":[],"meta":{}},{"ancestorTitles":["MUTATE_WEATHER Handler","mutateWeatherReducer","Edge Cases"],"fullName":"MUTATE_WEATHER Handler mutateWeatherReducer Edge Cases should handle weather with decimal values","status":"passed","title":"should handle weather with decimal values","duration":0.20629200000007586,"failureMessages":[],"meta":{}},{"ancestorTitles":["MUTATE_WEATHER Handler","mutateWeatherReducer","Edge Cases"],"fullName":"MUTATE_WEATHER Handler mutateWeatherReducer Edge Cases should handle same weather values (no change)","status":"passed","title":"should handle same weather values (no change)","duration":0.3581250000000864,"failureMessages":[],"meta":{}},{"ancestorTitles":["MUTATE_WEATHER Handler","mutateWeatherReducer","State Mutation Verification"],"fullName":"MUTATE_WEATHER Handler mutateWeatherReducer State Mutation Verification should not mutate the input command","status":"passed","title":"should not mutate the input command","duration":0.5045420000000149,"failureMessages":[],"meta":{}},{"ancestorTitles":["MUTATE_WEATHER Handler","mutateWeatherReducer","State Mutation Verification"],"fullName":"MUTATE_WEATHER Handler mutateWeatherReducer State Mutation Verification should not mutate the input weather object","status":"passed","title":"should not mutate the input weather object","duration":0.23087499999996908,"failureMessages":[],"meta":{}},{"ancestorTitles":["MUTATE_WEATHER Handler","mutateWeatherReducer","State Mutation Verification"],"fullName":"MUTATE_WEATHER Handler mutateWeatherReducer State Mutation Verification should directly mutate the place object","status":"passed","title":"should directly mutate the place object","duration":0.13104099999998198,"failureMessages":[],"meta":{}},{"ancestorTitles":["MUTATE_WEATHER Handler","MUTATE_WEATHER Class","handles method"],"fullName":"MUTATE_WEATHER Handler MUTATE_WEATHER Class handles method should return true for MUTATE_WEATHER command","status":"passed","title":"should return true for MUTATE_WEATHER command","duration":0.206957999999986,"failureMessages":[],"meta":{}},{"ancestorTitles":["MUTATE_WEATHER Handler","MUTATE_WEATHER Class","handles method"],"fullName":"MUTATE_WEATHER Handler MUTATE_WEATHER Class handles method should return false for different command types","status":"passed","title":"should return false for different command types","duration":0.16791599999999107,"failureMessages":[],"meta":{}},{"ancestorTitles":["MUTATE_WEATHER Handler","MUTATE_WEATHER Class","handles method"],"fullName":"MUTATE_WEATHER Handler MUTATE_WEATHER Class handles method should return false for command with wrong type but correct structure","status":"passed","title":"should return false for command with wrong type but correct structure","duration":0.1013749999999618,"failureMessages":[],"meta":{}},{"ancestorTitles":["MUTATE_WEATHER Handler","MUTATE_WEATHER Class","handles method"],"fullName":"MUTATE_WEATHER Handler MUTATE_WEATHER Class handles method should return false for malformed command","status":"passed","title":"should return false for malformed command","duration":0.09658300000000963,"failureMessages":[],"meta":{}},{"ancestorTitles":["MUTATE_WEATHER Handler","MUTATE_WEATHER Class","reduce property"],"fullName":"MUTATE_WEATHER Handler MUTATE_WEATHER Class reduce property should reference the mutateWeatherReducer function","status":"passed","title":"should reference the mutateWeatherReducer function","duration":0.10133399999995163,"failureMessages":[],"meta":{}},{"ancestorTitles":["MUTATE_WEATHER Handler","MUTATE_WEATHER Class","dependencies property"],"fullName":"MUTATE_WEATHER Handler MUTATE_WEATHER Class dependencies property should have empty dependencies array","status":"passed","title":"should have empty dependencies array","duration":0.09999999999990905,"failureMessages":[],"meta":{}},{"ancestorTitles":["MUTATE_WEATHER Handler","Type Safety"],"fullName":"MUTATE_WEATHER Handler Type Safety should work with valid MutateWeatherCommand type","status":"passed","title":"should work with valid MutateWeatherCommand type","duration":0.5615000000000236,"failureMessages":[],"meta":{}},{"ancestorTitles":["MUTATE_WEATHER Handler","Type Safety"],"fullName":"MUTATE_WEATHER Handler Type Safety should handle PlaceURN type correctly","status":"passed","title":"should handle PlaceURN type correctly","duration":0.4371249999999236,"failureMessages":[],"meta":{}},{"ancestorTitles":["MUTATE_WEATHER Handler","Integration Scenarios"],"fullName":"MUTATE_WEATHER Handler Integration Scenarios should handle rapid weather changes","status":"passed","title":"should handle rapid weather changes","duration":1.3801670000000286,"failureMessages":[],"meta":{}},{"ancestorTitles":["MUTATE_WEATHER Handler","Integration Scenarios"],"fullName":"MUTATE_WEATHER Handler Integration Scenarios should handle multiple places with different weather","status":"passed","title":"should handle multiple places with different weather","duration":0.2989579999999705,"failureMessages":[],"meta":{}}],"startTime":1752208304035,"endTime":1752208304047.299,"status":"passed","message":"","name":"/Users/rchoy/var/flux/game/src/command/MUTATE_WEATHER/handler.spec.ts"},{"assertionResults":[{"ancestorTitles":["MoveCommandHandler","handles method"],"fullName":"MoveCommandHandler handles method should return true for MOVE commands","status":"passed","title":"should return true for MOVE commands","duration":0.855209000000059,"failureMessages":[],"meta":{}},{"ancestorTitles":["MoveCommandHandler","handles method"],"fullName":"MoveCommandHandler handles method should return false for non-MOVE commands","status":"passed","title":"should return false for non-MOVE commands","duration":0.10158400000000256,"failureMessages":[],"meta":{}},{"ancestorTitles":["MoveCommandHandler","handles method"],"fullName":"MoveCommandHandler handles method should return false for non-command inputs","status":"passed","title":"should return false for non-command inputs","duration":0.061458000000016,"failureMessages":[],"meta":{}},{"ancestorTitles":["MoveCommandHandler","reducer behavior"],"fullName":"MoveCommandHandler reducer behavior should move actor between connected places","status":"passed","title":"should move actor between connected places","duration":2.5520420000000286,"failureMessages":[],"meta":{}},{"ancestorTitles":["MoveCommandHandler","reducer behavior"],"fullName":"MoveCommandHandler reducer behavior should declare ACTOR_DID_MOVE event","status":"passed","title":"should declare ACTOR_DID_MOVE event","duration":1.3637089999999716,"failureMessages":[],"meta":{}},{"ancestorTitles":["MoveCommandHandler","reducer behavior"],"fullName":"MoveCommandHandler reducer behavior should handle actor not found error","status":"passed","title":"should handle actor not found error","duration":0.18237499999997908,"failureMessages":[],"meta":{}},{"ancestorTitles":["MoveCommandHandler","reducer behavior"],"fullName":"MoveCommandHandler reducer behavior should handle actor without location error","status":"passed","title":"should handle actor without location error","duration":0.23783300000002328,"failureMessages":[],"meta":{}},{"ancestorTitles":["MoveCommandHandler","reducer behavior"],"fullName":"MoveCommandHandler reducer behavior should handle origin place not found error","status":"passed","title":"should handle origin place not found error","duration":0.30995800000005147,"failureMessages":[],"meta":{}},{"ancestorTitles":["MoveCommandHandler","reducer behavior"],"fullName":"MoveCommandHandler reducer behavior should handle destination place not found error","status":"passed","title":"should handle destination place not found error","duration":0.4913340000000517,"failureMessages":[],"meta":{}},{"ancestorTitles":["MoveCommandHandler","reducer behavior"],"fullName":"MoveCommandHandler reducer behavior should handle no connecting exit error","status":"passed","title":"should handle no connecting exit error","duration":0.3316250000000309,"failureMessages":[],"meta":{}},{"ancestorTitles":["MoveCommandHandler","handler integration"],"fullName":"MoveCommandHandler handler integration should process a command end-to-end","status":"passed","title":"should process a command end-to-end","duration":0.31574999999998,"failureMessages":[],"meta":{}},{"ancestorTitles":["MoveCommandHandler","handler configuration"],"fullName":"MoveCommandHandler handler configuration should have empty dependencies","status":"passed","title":"should have empty dependencies","duration":0.06208399999991343,"failureMessages":[],"meta":{}},{"ancestorTitles":["MoveCommandHandler","handler configuration"],"fullName":"MoveCommandHandler handler configuration should use the correct reducer function","status":"passed","title":"should use the correct reducer function","duration":0.03641600000003109,"failureMessages":[],"meta":{}}],"startTime":1752208304030,"endTime":1752208304038.062,"status":"passed","message":"","name":"/Users/rchoy/var/flux/game/src/command/MOVE/handler.spec.ts"},{"assertionResults":[{"ancestorTitles":["MaterializeActorCommandHandler","handles method"],"fullName":"MaterializeActorCommandHandler handles method should return true for MATERIALIZE_ACTOR commands","status":"passed","title":"should return true for MATERIALIZE_ACTOR commands","duration":1.9190419999999904,"failureMessages":[],"meta":{}},{"ancestorTitles":["MaterializeActorCommandHandler","handles method"],"fullName":"MaterializeActorCommandHandler handles method should return false for non-MATERIALIZE_ACTOR commands","status":"passed","title":"should return false for non-MATERIALIZE_ACTOR commands","duration":0.0907919999999649,"failureMessages":[],"meta":{}},{"ancestorTitles":["MaterializeActorCommandHandler","handles method"],"fullName":"MaterializeActorCommandHandler handles method should return false for non-command inputs","status":"passed","title":"should return false for non-command inputs","duration":0.05875000000003183,"failureMessages":[],"meta":{}},{"ancestorTitles":["MaterializeActorCommandHandler","reducer behavior"],"fullName":"MaterializeActorCommandHandler reducer behavior should add actor to place entities","status":"passed","title":"should add actor to place entities","duration":2.2360419999999976,"failureMessages":[],"meta":{}},{"ancestorTitles":["MaterializeActorCommandHandler","reducer behavior"],"fullName":"MaterializeActorCommandHandler reducer behavior should declare ACTOR_DID_MATERIALIZE event","status":"passed","title":"should declare ACTOR_DID_MATERIALIZE event","duration":1.2312089999999785,"failureMessages":[],"meta":{}},{"ancestorTitles":["MaterializeActorCommandHandler","reducer behavior"],"fullName":"MaterializeActorCommandHandler reducer behavior should handle actor not found error","status":"passed","title":"should handle actor not found error","duration":0.19458300000002282,"failureMessages":[],"meta":{}},{"ancestorTitles":["MaterializeActorCommandHandler","reducer behavior"],"fullName":"MaterializeActorCommandHandler reducer behavior should handle place not found error","status":"passed","title":"should handle place not found error","duration":0.3159580000000233,"failureMessages":[],"meta":{}},{"ancestorTitles":["MaterializeActorCommandHandler","reducer behavior"],"fullName":"MaterializeActorCommandHandler reducer behavior should overwrite existing entity visibility","status":"passed","title":"should overwrite existing entity visibility","duration":0.281750000000045,"failureMessages":[],"meta":{}},{"ancestorTitles":["MaterializeActorCommandHandler","handler integration"],"fullName":"MaterializeActorCommandHandler handler integration should process a command end-to-end","status":"passed","title":"should process a command end-to-end","duration":0.5193749999999682,"failureMessages":[],"meta":{}},{"ancestorTitles":["MaterializeActorCommandHandler","handler configuration"],"fullName":"MaterializeActorCommandHandler handler configuration should have empty dependencies","status":"passed","title":"should have empty dependencies","duration":0.09224999999997863,"failureMessages":[],"meta":{}},{"ancestorTitles":["MaterializeActorCommandHandler","handler configuration"],"fullName":"MaterializeActorCommandHandler handler configuration should use the correct reducer function","status":"passed","title":"should use the correct reducer function","duration":0.043000000000006366,"failureMessages":[],"meta":{}}],"startTime":1752208304188,"endTime":1752208304196.0923,"status":"passed","message":"","name":"/Users/rchoy/var/flux/game/src/command/MATERIALIZE_ACTOR/handler.spec.ts"},{"assertionResults":[{"ancestorTitles":["Realistic Lichtenberg Figure Generation","Basic Generation"],"fullName":"Realistic Lichtenberg Figure Generation Basic Generation should generate a figure with at least the starting vertex","status":"passed","title":"should generate a figure with at least the starting vertex","duration":2.624084000000039,"failureMessages":[],"meta":{}},{"ancestorTitles":["Realistic Lichtenberg Figure Generation","Basic Generation"],"fullName":"Realistic Lichtenberg Figure Generation Basic Generation should generate vertices within bounds","status":"passed","title":"should generate vertices within bounds","duration":0.7617079999999987,"failureMessages":[],"meta":{}},{"ancestorTitles":["Realistic Lichtenberg Figure Generation","Basic Generation"],"fullName":"Realistic Lichtenberg Figure Generation Basic Generation should create connections between vertices","status":"passed","title":"should create connections between vertices","duration":1.2765830000000165,"failureMessages":[],"meta":{}},{"ancestorTitles":["Realistic Lichtenberg Figure Generation","Basic Generation"],"fullName":"Realistic Lichtenberg Figure Generation Basic Generation should respect maxVertices constraint","status":"passed","title":"should respect maxVertices constraint","duration":0.37183399999997846,"failureMessages":[],"meta":{}},{"ancestorTitles":["Realistic Lichtenberg Figure Generation","Deterministic Behavior"],"fullName":"Realistic Lichtenberg Figure Generation Deterministic Behavior should generate identical figures with same seed","status":"passed","title":"should generate identical figures with same seed","duration":0.8937500000000114,"failureMessages":[],"meta":{}},{"ancestorTitles":["Realistic Lichtenberg Figure Generation","Deterministic Behavior"],"fullName":"Realistic Lichtenberg Figure Generation Deterministic Behavior should generate different figures with different seeds","status":"passed","title":"should generate different figures with different seeds","duration":0.5039160000000038,"failureMessages":[],"meta":{}},{"ancestorTitles":["Realistic Lichtenberg Figure Generation","Deterministic Behavior"],"fullName":"Realistic Lichtenberg Figure Generation Deterministic Behavior should be deterministic across multiple runs","status":"passed","title":"should be deterministic across multiple runs","duration":2.5478330000000255,"failureMessages":[],"meta":{}},{"ancestorTitles":["Realistic Lichtenberg Figure Generation","Realistic Physics Features"],"fullName":"Realistic Lichtenberg Figure Generation Realistic Physics Features should generate denser patterns than basic algorithm","status":"passed","title":"should generate denser patterns than basic algorithm","duration":2.7291249999999536,"failureMessages":[],"meta":{}},{"ancestorTitles":["Realistic Lichtenberg Figure Generation","Realistic Physics Features"],"fullName":"Realistic Lichtenberg Figure Generation Realistic Physics Features should avoid crossing paths","status":"passed","title":"should avoid crossing paths","duration":1.4637500000000045,"failureMessages":[],"meta":{}},{"ancestorTitles":["Realistic Lichtenberg Figure Generation","Realistic Physics Features"],"fullName":"Realistic Lichtenberg Figure Generation Realistic Physics Features should maintain electrical field physics behavior","status":"passed","title":"should maintain electrical field physics behavior","duration":0.7771670000000199,"failureMessages":[],"meta":{}},{"ancestorTitles":["Realistic Lichtenberg Figure Generation","Realistic Physics Features"],"fullName":"Realistic Lichtenberg Figure Generation Realistic Physics Features should generate non-intersecting edges (like real lightning)","status":"passed","title":"should generate non-intersecting edges (like real lightning)","duration":1.6512500000000045,"failureMessages":[],"meta":{}},{"ancestorTitles":["Realistic Lichtenberg Figure Generation","Data Structure Integrity"],"fullName":"Realistic Lichtenberg Figure Generation Data Structure Integrity should maintain proper vertex ID sequencing","status":"passed","title":"should maintain proper vertex ID sequencing","duration":0.31058400000000574,"failureMessages":[],"meta":{}},{"ancestorTitles":["Realistic Lichtenberg Figure Generation","Data Structure Integrity"],"fullName":"Realistic Lichtenberg Figure Generation Data Structure Integrity should ensure all nodes are reachable from the root","status":"passed","title":"should ensure all nodes are reachable from the root","duration":0.5119579999999928,"failureMessages":[],"meta":{}},{"ancestorTitles":["Realistic Lichtenberg Figure Generation","Data Structure Integrity"],"fullName":"Realistic Lichtenberg Figure Generation Data Structure Integrity should maintain proper parent-child relationships","status":"passed","title":"should maintain proper parent-child relationships","duration":0.2689579999999978,"failureMessages":[],"meta":{}},{"ancestorTitles":["Realistic Lichtenberg Figure Generation","Data Structure Integrity"],"fullName":"Realistic Lichtenberg Figure Generation Data Structure Integrity should maintain connection consistency","status":"passed","title":"should maintain connection consistency","duration":0.14966600000002472,"failureMessages":[],"meta":{}},{"ancestorTitles":["Realistic Lichtenberg Figure Generation","Seeded RNG Determinism"],"fullName":"Realistic Lichtenberg Figure Generation Seeded RNG Determinism should produce consistent results with same seed regardless of call order","status":"passed","title":"should produce consistent results with same seed regardless of call order","duration":0.25729200000000674,"failureMessages":[],"meta":{}},{"ancestorTitles":["Realistic Lichtenberg Figure Generation","Seeded RNG Determinism"],"fullName":"Realistic Lichtenberg Figure Generation Seeded RNG Determinism should handle edge case seeds properly","status":"passed","title":"should handle edge case seeds properly","duration":0.539209000000028,"failureMessages":[],"meta":{}}],"startTime":1752208303795,"endTime":1752208303813.5393,"status":"passed","message":"","name":"/Users/rchoy/var/flux/game/src/lib/fractal/lichtenberg.spec.ts"},{"assertionResults":[{"ancestorTitles":["createPlace","basic place creation"],"fullName":"createPlace basic place creation should create a place with minimal input","status":"passed","title":"should create a place with minimal input","duration":3.208541999999966,"failureMessages":[],"meta":{}},{"ancestorTitles":["createPlace","basic place creation"],"fullName":"createPlace basic place creation should create a place with all fields specified","status":"passed","title":"should create a place with all fields specified","duration":0.35804100000001426,"failureMessages":[],"meta":{}},{"ancestorTitles":["createPlace","basic place creation"],"fullName":"createPlace basic place creation should handle empty string values","status":"passed","title":"should handle empty string values","duration":0.12270800000004556,"failureMessages":[],"meta":{}},{"ancestorTitles":["createPlace","exits processing"],"fullName":"createPlace exits processing should create place with no exits","status":"passed","title":"should create place with no exits","duration":0.4060419999999567,"failureMessages":[],"meta":{}},{"ancestorTitles":["createPlace","exits processing"],"fullName":"createPlace exits processing should create place with single exit in dictionary format","status":"passed","title":"should create place with single exit in dictionary format","duration":0.6065830000000005,"failureMessages":[],"meta":{}},{"ancestorTitles":["createPlace","exits processing"],"fullName":"createPlace exits processing should create place with multiple exits in dictionary format","status":"passed","title":"should create place with multiple exits in dictionary format","duration":0.2753749999999968,"failureMessages":[],"meta":{}},{"ancestorTitles":["createPlace","exits processing"],"fullName":"createPlace exits processing should handle exits with minimal data","status":"passed","title":"should handle exits with minimal data","duration":0.12437499999998636,"failureMessages":[],"meta":{}},{"ancestorTitles":["createPlace","exits processing"],"fullName":"createPlace exits processing should handle all direction types","status":"passed","title":"should handle all direction types","duration":6.039999999999964,"failureMessages":[],"meta":{}},{"ancestorTitles":["createPlace","transform function"],"fullName":"createPlace transform function should apply transform function to the created place","status":"passed","title":"should apply transform function to the created place","duration":0.4383749999999509,"failureMessages":[],"meta":{}},{"ancestorTitles":["createPlace","transform function"],"fullName":"createPlace transform function should work with identity transform","status":"passed","title":"should work with identity transform","duration":0.12058300000001054,"failureMessages":[],"meta":{}},{"ancestorTitles":["createPlace","options parameter"],"fullName":"createPlace options parameter should pass options to createEntity","status":"passed","title":"should pass options to createEntity","duration":0.08037500000000364,"failureMessages":[],"meta":{}},{"ancestorTitles":["createExit"],"fullName":"createExit should create exit with full input","status":"passed","title":"should create exit with full input","duration":0.09645799999998417,"failureMessages":[],"meta":{}},{"ancestorTitles":["createExit"],"fullName":"createExit should create exit with minimal input","status":"passed","title":"should create exit with minimal input","duration":0.06183299999997871,"failureMessages":[],"meta":{}},{"ancestorTitles":["createExit"],"fullName":"createExit should apply transform function","status":"passed","title":"should apply transform function","duration":0.04745900000000347,"failureMessages":[],"meta":{}},{"ancestorTitles":["createPlaces"],"fullName":"createPlaces should create multiple places from inputs","status":"passed","title":"should create multiple places from inputs","duration":0.26795900000001893,"failureMessages":[],"meta":{}},{"ancestorTitles":["createPlaces"],"fullName":"createPlaces should handle empty inputs array","status":"passed","title":"should handle empty inputs array","duration":0.053415999999970154,"failureMessages":[],"meta":{}},{"ancestorTitles":["addActorToPlace"],"fullName":"addActorToPlace should add actor to place entities","status":"passed","title":"should add actor to place entities","duration":0.10900000000003729,"failureMessages":[],"meta":{}},{"ancestorTitles":["removeActorFromPlace"],"fullName":"removeActorFromPlace should remove actor from place entities","status":"passed","title":"should remove actor from place entities","duration":0.08645799999999326,"failureMessages":[],"meta":{}}],"startTime":1752208303992,"endTime":1752208304007.268,"status":"passed","message":"","name":"/Users/rchoy/var/flux/game/src/worldkit/entity/place.spec.ts"}]}